INFO:root:First code, perhaps!
INFO:root:First code, perhaps!
INFO:root:First code, perhaps!
INFO:root:First code, perhaps!

INFO 2022-05-13 12:26:55,407 root First code, perhaps!
INFO 2022-05-13 12:27:38,918 root First code, perhaps!
INFO 2022-05-13 12:27:41,741 root First code, perhaps!
INFO 2022-05-13 12:28:23,361 root First code, perhaps!
INFO 2022-05-13 12:28:24,191 logger1.area1 Here for logger1!
DEBUG 2022-05-13 12:28:24,192 logger1.area1 debug for l1!
INFO 2022-05-13 12:28:24,192 logger2.area2 Here for logger2!
DEBUG 2022-05-13 12:28:24,193 logger2.area2 debug for l2!
WARNING 2022-05-13 12:28:24,194 logger1.area1 Warning forL1!!!!
INFO 2022-05-13 12:29:05,270 root First code, perhaps!
INFO 2022-05-13 12:29:06,551 logger1.area1 Here for logger1!
DEBUG 2022-05-13 12:29:06,552 logger1.area1 debug for l1!
INFO 2022-05-13 12:29:06,553 logger2.area2 Here for logger2!
DEBUG 2022-05-13 12:29:06,554 logger2.area2 debug for l2!
WARNING 2022-05-13 12:29:06,554 logger1.area1 Warning forL1!!!!
INFO 2022-05-13 12:29:46,742 root First code, perhaps!
INFO 2022-05-13 12:30:03,694 root First code, perhaps!
INFO 2022-05-13 12:30:11,135 root First code, perhaps!
INFO 2022-05-13 12:30:24,622 root First code, perhaps!
INFO 2022-05-13 12:30:26,111 logger1.area1 Here for logger1!
DEBUG 2022-05-13 12:30:26,113 logger1.area1 debug for l1!
INFO 2022-05-13 12:30:26,113 logger2.area2 Here for logger2!
DEBUG 2022-05-13 12:30:26,114 logger2.area2 debug for l2!
WARNING 2022-05-13 12:30:26,115 logger1.area1 Warning forL1!!!!
INFO 2022-05-13 12:30:36,663 root First code, perhaps!
INFO 2022-05-13 12:30:55,454 root First code, perhaps!
INFO 2022-05-13 12:30:56,438 logger1.area1 Here for logger1!
DEBUG 2022-05-13 12:30:56,440 logger1.area1 debug for l1!
INFO 2022-05-13 12:30:56,441 logger2.area2 Here for logger2!
DEBUG 2022-05-13 12:30:56,443 logger2.area2 debug for l2!
WARNING 2022-05-13 12:30:56,444 logger1.area1 Warning forL1!!!!
INFO 2022-05-13 12:31:11,853 root First code, perhaps!
DEBUG 2022-05-13 12:31:20,661 parso.cache pickle loaded: C:\Users\Suryansh Grover\anaconda3\lib\site-packages\jedi\third_party\typeshed\stdlib\2and3\builtins.pyi
DEBUG 2022-05-13 12:31:22,846 parso.python.diff diff parser start
DEBUG 2022-05-13 12:31:22,847 parso.python.diff line_lengths old: 5; new: 5
DEBUG 2022-05-13 12:31:22,847 parso.python.diff -> code[equal] old[1:4] new[1:4]
DEBUG 2022-05-13 12:31:22,848 parso.python.diff copy old[1:4] new[1:4]
DEBUG 2022-05-13 12:31:22,848 parso.python.diff -> code[replace] old[5:5] new[5:5]
DEBUG 2022-05-13 12:31:22,849 parso.python.diff parse_part from 5 to 5 (to 4 in part parser)
DEBUG 2022-05-13 12:31:22,850 parso.python.diff diff parser end
DEBUG 2022-05-13 12:31:22,898 parso.cache pickle loaded: C:\Users\Suryansh Grover\anaconda3\lib\logging\__init__.py
DEBUG 2022-05-13 12:31:54,903 parso.python.diff diff parser start
DEBUG 2022-05-13 12:31:54,904 parso.python.diff line_lengths old: 5; new: 5
DEBUG 2022-05-13 12:31:54,905 parso.python.diff -> code[equal] old[1:3] new[1:3]
DEBUG 2022-05-13 12:31:54,905 parso.python.diff copy old[1:3] new[1:3]
DEBUG 2022-05-13 12:31:54,905 parso.python.diff -> code[replace] old[4:4] new[4:4]
DEBUG 2022-05-13 12:31:54,906 parso.python.diff parse_part from 4 to 4 (to 4 in part parser)
DEBUG 2022-05-13 12:31:54,906 parso.python.diff -> code[equal] old[5:5] new[5:5]
DEBUG 2022-05-13 12:31:54,907 parso.python.diff parse_part from 5 to 5 (to 4 in part parser)
DEBUG 2022-05-13 12:31:54,907 parso.python.diff diff parser end
INFO 2022-05-13 12:33:02,520 root First code, perhaps!
INFO 2022-05-13 12:33:03,783 logger1.area1 Here for logger1!
DEBUG 2022-05-13 12:33:03,788 logger1.area1 debug for l1!
INFO 2022-05-13 12:33:03,789 logger2.area2 Here for logger2!
DEBUG 2022-05-13 12:33:03,793 logger2.area2 debug for l2!
WARNING 2022-05-13 12:33:03,794 logger1.area1 Warning forL1!!!!
